#
# There is insufficient memory for the Java Runtime Environment to continue.
# Native memory allocation (malloc) failed to allocate 2033872 bytes for Chunk::new
# Possible reasons:
#   The system is out of physical RAM or swap space
#   The process is running with CompressedOops enabled, and the Java Heap may be blocking the growth of the native heap
# Possible solutions:
#   Reduce memory load on the system
#   Increase physical memory or swap space
#   Check if swap backing store is full
#   Decrease Java heap size (-Xmx/-Xms)
#   Decrease number of Java threads
#   Decrease Java thread stack sizes (-Xss)
#   Set larger code cache with -XX:ReservedCodeCacheSize=
#   JVM is running with Unscaled Compressed Oops mode in which the Java heap is
#     placed in the first 4GB address space. The Java Heap base address is the
#     maximum limit for the native heap growth. Please use -XX:HeapBaseMinAddress
#     to set the Java Heap base and to place the Java Heap above 4GB virtual address.
# This output file may be truncated or incomplete.
#
#  Out of Memory Error (arena.cpp:189), pid=13840, tid=11536
#
# JRE version: OpenJDK Runtime Environment Temurin-17.0.2+8 (17.0.2+8) (build 17.0.2+8)
# Java VM: OpenJDK 64-Bit Server VM Temurin-17.0.2+8 (17.0.2+8, mixed mode, tiered, compressed oops, compressed class ptrs, g1 gc, windows-amd64)
# No core dump will be written. Minidumps are not enabled by default on client versions of Windows
#

---------------  S U M M A R Y ------------

Command Line: -Dfile.encoding=UTF-8 -XX:+ShowCodeDetailsInExceptionMessages com.qsp.student_management_system.StudentManagementSystemApplication

Host: Intel(R) Core(TM) i3-6006U CPU @ 2.00GHz, 4 cores, 3G,  Windows 10 , 64 bit Build 19041 (10.0.19041.1741)
Time: Fri May 17 13:26:26 2024 India Standard Time elapsed time: 235.579757 seconds (0d 0h 3m 55s)

---------------  T H R E A D  ---------------

Current thread (0x0000025bd53b0df0):  JavaThread "C2 CompilerThread0" daemon [_thread_in_native, id=11536, stack(0x0000006769d00000,0x0000006769e00000)]


Current CompileTask:
C2: 235580 6815       4       org.springframework.core.ResolvableType::as (86 bytes)

Stack: [0x0000006769d00000,0x0000006769e00000]
Native frames: (J=compiled Java code, j=interpreted, Vv=VM code, C=native code)
V  [jvm.dll+0x67564a]
V  [jvm.dll+0x82fc04]
V  [jvm.dll+0x8313ae]
V  [jvm.dll+0x831a13]
V  [jvm.dll+0x245235]
V  [jvm.dll+0xabd7b]
V  [jvm.dll+0xac30c]
V  [jvm.dll+0x3631f7]
V  [jvm.dll+0x32d891]
V  [jvm.dll+0x32cd3a]
V  [jvm.dll+0x2180d1]
V  [jvm.dll+0x2174f1]
V  [jvm.dll+0x1a3a8d]
V  [jvm.dll+0x226ef8]
V  [jvm.dll+0x22503c]
V  [jvm.dll+0x7e596b]
V  [jvm.dll+0x7dff2a]
V  [jvm.dll+0x6744d5]
C  [ucrtbase.dll+0x21bb2]
C  [KERNEL32.DLL+0x17034]
C  [ntdll.dll+0x52651]


---------------  P R O C E S S  ---------------

Threads class SMR info:
_java_thread_list=0x0000025bdb548ef0, length=32, elements={
0x0000025bd534a3b0, 0x0000025bd534b430, 0x0000025bd5391f30, 0x0000025bd5393800,
0x0000025bd53948e0, 0x0000025bd53ac840, 0x0000025bd53b0df0, 0x0000025bd53b17a0,
0x0000025bd53c5c90, 0x0000025bd5e1c340, 0x0000025bd5e547d0, 0x0000025bd78be840,
0x0000025bd78bed10, 0x0000025bd6603460, 0x0000025bd6606480, 0x0000025bd66025f0,
0x0000025bd6602ac0, 0x0000025bd6607c90, 0x0000025bd6600de0, 0x0000025bd66077c0,
0x0000025bd6602f90, 0x0000025bd66047a0, 0x0000025bd6601780, 0x0000025bd6606950,
0x0000025bd6603e00, 0x0000025bd6608160, 0x0000025bd6604c70, 0x0000025bd6605140,
0x0000025bd6600910, 0x0000025bd6606e20, 0x0000025bd66072f0, 0x0000025bd6601c50
}

Java Threads: ( => current thread )
  0x0000025bd534a3b0 JavaThread "Reference Handler" daemon [_thread_blocked, id=17296, stack(0x0000006769700000,0x0000006769800000)]
  0x0000025bd534b430 JavaThread "Finalizer" daemon [_thread_blocked, id=15044, stack(0x0000006769800000,0x0000006769900000)]
  0x0000025bd5391f30 JavaThread "Signal Dispatcher" daemon [_thread_blocked, id=5504, stack(0x0000006769900000,0x0000006769a00000)]
  0x0000025bd5393800 JavaThread "Attach Listener" daemon [_thread_blocked, id=14244, stack(0x0000006769a00000,0x0000006769b00000)]
  0x0000025bd53948e0 JavaThread "Service Thread" daemon [_thread_blocked, id=13552, stack(0x0000006769b00000,0x0000006769c00000)]
  0x0000025bd53ac840 JavaThread "Monitor Deflation Thread" daemon [_thread_blocked, id=5804, stack(0x0000006769c00000,0x0000006769d00000)]
=>0x0000025bd53b0df0 JavaThread "C2 CompilerThread0" daemon [_thread_in_native, id=11536, stack(0x0000006769d00000,0x0000006769e00000)]
  0x0000025bd53b17a0 JavaThread "C1 CompilerThread0" daemon [_thread_blocked, id=13468, stack(0x0000006769e00000,0x0000006769f00000)]
  0x0000025bd53c5c90 JavaThread "Sweeper thread" daemon [_thread_blocked, id=11152, stack(0x0000006769f00000,0x000000676a000000)]
  0x0000025bd5e1c340 JavaThread "Notification Thread" daemon [_thread_blocked, id=16768, stack(0x000000676a000000,0x000000676a100000)]
  0x0000025bd5e547d0 JavaThread "Common-Cleaner" daemon [_thread_blocked, id=10352, stack(0x000000676a200000,0x000000676a300000)]
  0x0000025bd78be840 JavaThread "mysql-cj-abandoned-connection-cleanup" daemon [_thread_blocked, id=17308, stack(0x000000676ab00000,0x000000676ac00000)]
  0x0000025bd78bed10 JavaThread "Live Reload Server" daemon [_thread_in_native, id=9188, stack(0x000000676b000000,0x000000676b100000)]
  0x0000025bd6603460 JavaThread "DestroyJavaVM" [_thread_blocked, id=16552, stack(0x0000006769000000,0x0000006769100000)]
  0x0000025bd6606480 JavaThread "Catalina-utility-1" [_thread_blocked, id=17584, stack(0x0000006768f00000,0x0000006769000000)]
  0x0000025bd66025f0 JavaThread "Catalina-utility-2" [_thread_blocked, id=9108, stack(0x000000676a800000,0x000000676a900000)]
  0x0000025bd6602ac0 JavaThread "container-0" [_thread_blocked, id=9992, stack(0x000000676a900000,0x000000676aa00000)]
  0x0000025bd6607c90 JavaThread "HikariPool-2 housekeeper" daemon [_thread_blocked, id=3884, stack(0x000000676aa00000,0x000000676ab00000)]
  0x0000025bd6600de0 JavaThread "HikariPool-2 connection adder" daemon [_thread_blocked, id=9852, stack(0x000000676ad00000,0x000000676ae00000)]
  0x0000025bd66077c0 JavaThread "File Watcher" daemon [_thread_blocked, id=3368, stack(0x000000676ae00000,0x000000676af00000)]
  0x0000025bd6602f90 JavaThread "http-nio-8080-exec-1" daemon [_thread_blocked, id=9424, stack(0x000000676af00000,0x000000676b000000)]
  0x0000025bd66047a0 JavaThread "http-nio-8080-exec-2" daemon [_thread_blocked, id=16944, stack(0x000000676b100000,0x000000676b200000)]
  0x0000025bd6601780 JavaThread "http-nio-8080-exec-3" daemon [_thread_blocked, id=8948, stack(0x000000676b200000,0x000000676b300000)]
  0x0000025bd6606950 JavaThread "http-nio-8080-exec-4" daemon [_thread_blocked, id=16976, stack(0x000000676b300000,0x000000676b400000)]
  0x0000025bd6603e00 JavaThread "http-nio-8080-exec-5" daemon [_thread_blocked, id=13564, stack(0x000000676b400000,0x000000676b500000)]
  0x0000025bd6608160 JavaThread "http-nio-8080-exec-6" daemon [_thread_blocked, id=8280, stack(0x000000676b500000,0x000000676b600000)]
  0x0000025bd6604c70 JavaThread "http-nio-8080-exec-7" daemon [_thread_blocked, id=9564, stack(0x000000676b600000,0x000000676b700000)]
  0x0000025bd6605140 JavaThread "http-nio-8080-exec-8" daemon [_thread_blocked, id=16788, stack(0x000000676b700000,0x000000676b800000)]
  0x0000025bd6600910 JavaThread "http-nio-8080-exec-9" daemon [_thread_blocked, id=1760, stack(0x000000676b800000,0x000000676b900000)]
  0x0000025bd6606e20 JavaThread "http-nio-8080-exec-10" daemon [_thread_blocked, id=15304, stack(0x000000676b900000,0x000000676ba00000)]
  0x0000025bd66072f0 JavaThread "http-nio-8080-Poller" daemon [_thread_in_native, id=12308, stack(0x000000676ba00000,0x000000676bb00000)]
  0x0000025bd6601c50 JavaThread "http-nio-8080-Acceptor" daemon [_thread_in_native, id=8380, stack(0x000000676bb00000,0x000000676bc00000)]

Other Threads:
  0x0000025bd53631b0 VMThread "VM Thread" [stack: 0x0000006769600000,0x0000006769700000] [id=14728]
  0x0000025bd5e3f050 WatcherThread [stack: 0x000000676a100000,0x000000676a200000] [id=13892]
  0x0000025bbc36afa0 GCTaskThread "GC Thread#0" [stack: 0x0000006769100000,0x0000006769200000] [id=5832]
  0x0000025bd67ca340 GCTaskThread "GC Thread#1" [stack: 0x000000676a300000,0x000000676a400000] [id=13664]
  0x0000025bd659b6f0 GCTaskThread "GC Thread#2" [stack: 0x000000676a400000,0x000000676a500000] [id=18024]
  0x0000025bd659b9a0 GCTaskThread "GC Thread#3" [stack: 0x000000676a500000,0x000000676a600000] [id=17772]
  0x0000025bbc374210 ConcurrentGCThread "G1 Main Marker" [stack: 0x0000006769200000,0x0000006769300000] [id=11112]
  0x0000025bbc375a40 ConcurrentGCThread "G1 Conc#0" [stack: 0x0000006769300000,0x0000006769400000] [id=1176]
  0x0000025bbc3c4e30 ConcurrentGCThread "G1 Refine#0" [stack: 0x0000006769400000,0x0000006769500000] [id=18280]
  0x0000025bbc3c5660 ConcurrentGCThread "G1 Service" [stack: 0x0000006769500000,0x0000006769600000] [id=15424]

Threads with active compile tasks:
C2 CompilerThread0   236631 6815       4       org.springframework.core.ResolvableType::as (86 bytes)

VM state: not at safepoint (normal execution)

VM Mutex/Monitor currently owned by a thread: None

Heap address: 0x00000000c1400000, size: 1004 MB, Compressed Oops mode: 32-bit

CDS archive(s) not mapped
Compressed class space mapped at: 0x0000000100000000-0x0000000140000000, reserved size: 1073741824
Narrow klass base: 0x0000000000000000, Narrow klass shift: 3, Narrow klass range: 0x140000000

GC Precious Log:
 CPUs: 4 total, 4 available
 Memory: 4012M
 Large Page Support: Disabled
 NUMA Support: Disabled
 Compressed Oops: Enabled (32-bit)
 Heap Region Size: 1M
 Heap Min Capacity: 8M
 Heap Initial Capacity: 64M
 Heap Max Capacity: 1004M
 Pre-touch: Disabled
 Parallel Workers: 4
 Concurrent Workers: 1
 Concurrent Refinement Workers: 4
 Periodic GC: Disabled

Heap:
 garbage-first heap   total 60416K, used 44535K [0x00000000c1400000, 0x0000000100000000)
  region size 1024K, 21 young (21504K), 3 survivors (3072K)
 Metaspace       used 75617K, committed 76160K, reserved 1122304K
  class space    used 9768K, committed 10048K, reserved 1048576K

Heap Regions: E=young(eden), S=young(survivor), O=old, HS=humongous(starts), HC=humongous(continues), CS=collection set, F=free, OA=open archive, CA=closed archive, TAMS=top-at-mark-start (previous, next)
|   0|0x00000000c1400000, 0x00000000c1500000, 0x00000000c1500000|100%|HS|  |TAMS 0x00000000c1500000, 0x00000000c1400000| Complete 
|   1|0x00000000c1500000, 0x00000000c1600000, 0x00000000c1600000|100%| O|  |TAMS 0x00000000c1600000, 0x00000000c1500000| Untracked 
|   2|0x00000000c1600000, 0x00000000c1700000, 0x00000000c1700000|100%| O|  |TAMS 0x00000000c1700000, 0x00000000c1600000| Untracked 
|   3|0x00000000c1700000, 0x00000000c17fffe0, 0x00000000c1800000| 99%| O|  |TAMS 0x00000000c17fffe0, 0x00000000c1700000| Untracked 
|   4|0x00000000c1800000, 0x00000000c1900000, 0x00000000c1900000|100%| O|  |TAMS 0x00000000c1900000, 0x00000000c1800000| Untracked 
|   5|0x00000000c1900000, 0x00000000c19ffff0, 0x00000000c1a00000| 99%| O|  |TAMS 0x00000000c19ffff0, 0x00000000c1900000| Untracked 
|   6|0x00000000c1a00000, 0x00000000c1af7140, 0x00000000c1b00000| 96%| O|  |TAMS 0x00000000c1af7140, 0x00000000c1a00000| Untracked 
|   7|0x00000000c1b00000, 0x00000000c1c00000, 0x00000000c1c00000|100%| O|  |TAMS 0x00000000c1c00000, 0x00000000c1b00000| Untracked 
|   8|0x00000000c1c00000, 0x00000000c1cfffa0, 0x00000000c1d00000| 99%| O|  |TAMS 0x00000000c1cfffa0, 0x00000000c1c00000| Untracked 
|   9|0x00000000c1d00000, 0x00000000c1dfffd8, 0x00000000c1e00000| 99%| O|  |TAMS 0x00000000c1dfffd8, 0x00000000c1d00000| Untracked 
|  10|0x00000000c1e00000, 0x00000000c1effff8, 0x00000000c1f00000| 99%| O|  |TAMS 0x00000000c1effff8, 0x00000000c1e00000| Untracked 
|  11|0x00000000c1f00000, 0x00000000c1fffff8, 0x00000000c2000000| 99%| O|  |TAMS 0x00000000c1fffff8, 0x00000000c1f00000| Untracked 
|  12|0x00000000c2000000, 0x00000000c20fff88, 0x00000000c2100000| 99%| O|  |TAMS 0x00000000c20fff88, 0x00000000c2000000| Untracked 
|  13|0x00000000c2100000, 0x00000000c21ffff0, 0x00000000c2200000| 99%| O|  |TAMS 0x00000000c21ffff0, 0x00000000c2100000| Untracked 
|  14|0x00000000c2200000, 0x00000000c2300000, 0x00000000c2300000|100%| O|  |TAMS 0x00000000c2300000, 0x00000000c2200000| Untracked 
|  15|0x00000000c2300000, 0x00000000c23ffff0, 0x00000000c2400000| 99%| O|  |TAMS 0x00000000c23ffff0, 0x00000000c2300000| Untracked 
|  16|0x00000000c2400000, 0x00000000c24ffff0, 0x00000000c2500000| 99%| O|  |TAMS 0x00000000c24ffff0, 0x00000000c2400000| Untracked 
|  17|0x00000000c2500000, 0x00000000c25fffd8, 0x00000000c2600000| 99%| O|  |TAMS 0x00000000c25fffd8, 0x00000000c2500000| Untracked 
|  18|0x00000000c2600000, 0x00000000c2700000, 0x00000000c2700000|100%| O|  |TAMS 0x00000000c2700000, 0x00000000c2600000| Untracked 
|  19|0x00000000c2700000, 0x00000000c27fffe8, 0x00000000c2800000| 99%| O|  |TAMS 0x00000000c27fffe8, 0x00000000c2700000| Untracked 
|  20|0x00000000c2800000, 0x00000000c2900000, 0x00000000c2900000|100%| O|  |TAMS 0x00000000c2900000, 0x00000000c2800000| Untracked 
|  21|0x00000000c2900000, 0x00000000c29af8f0, 0x00000000c2a00000| 68%| O|  |TAMS 0x00000000c29af8f0, 0x00000000c2900000| Untracked 
|  22|0x00000000c2a00000, 0x00000000c2afa4b8, 0x00000000c2b00000| 97%| O|  |TAMS 0x00000000c2afa4b8, 0x00000000c2a00000| Untracked 
|  23|0x00000000c2b00000, 0x00000000c2b3bfd0, 0x00000000c2c00000| 23%| O|  |TAMS 0x00000000c2b3bfd0, 0x00000000c2b00000| Untracked 
|  24|0x00000000c2c00000, 0x00000000c2d00000, 0x00000000c2d00000|100%| O|  |TAMS 0x00000000c2c00000, 0x00000000c2c00000| Untracked 
|  25|0x00000000c2d00000, 0x00000000c2d56000, 0x00000000c2e00000| 33%| O|  |TAMS 0x00000000c2d00000, 0x00000000c2d00000| Untracked 
|  26|0x00000000c2e00000, 0x00000000c2e00000, 0x00000000c2f00000|  0%| F|  |TAMS 0x00000000c2e00000, 0x00000000c2e00000| Untracked 
|  27|0x00000000c2f00000, 0x00000000c2f00000, 0x00000000c3000000|  0%| F|  |TAMS 0x00000000c2f00000, 0x00000000c2f00000| Untracked 
|  28|0x00000000c3000000, 0x00000000c3000000, 0x00000000c3100000|  0%| F|  |TAMS 0x00000000c3000000, 0x00000000c3000000| Untracked 
|  29|0x00000000c3100000, 0x00000000c3100000, 0x00000000c3200000|  0%| F|  |TAMS 0x00000000c3100000, 0x00000000c3100000| Untracked 
|  30|0x00000000c3200000, 0x00000000c3200000, 0x00000000c3300000|  0%| F|  |TAMS 0x00000000c3200000, 0x00000000c3200000| Untracked 
|  31|0x00000000c3300000, 0x00000000c3300000, 0x00000000c3400000|  0%| F|  |TAMS 0x00000000c3300000, 0x00000000c3300000| Untracked 
|  32|0x00000000c3400000, 0x00000000c3400000, 0x00000000c3500000|  0%| F|  |TAMS 0x00000000c3400000, 0x00000000c3400000| Untracked 
|  33|0x00000000c3500000, 0x00000000c3500000, 0x00000000c3600000|  0%| F|  |TAMS 0x00000000c3500000, 0x00000000c3500000| Untracked 
|  34|0x00000000c3600000, 0x00000000c3600000, 0x00000000c3700000|  0%| F|  |TAMS 0x00000000c3600000, 0x00000000c3600000| Untracked 
|  35|0x00000000c3700000, 0x00000000c3700000, 0x00000000c3800000|  0%| F|  |TAMS 0x00000000c3700000, 0x00000000c3700000| Untracked 
|  36|0x00000000c3800000, 0x00000000c384b140, 0x00000000c3900000| 29%| S|CS|TAMS 0x00000000c3800000, 0x00000000c3800000| Complete 
|  37|0x00000000c3900000, 0x00000000c3a00000, 0x00000000c3a00000|100%| S|CS|TAMS 0x00000000c3900000, 0x00000000c3900000| Complete 
|  38|0x00000000c3a00000, 0x00000000c3b00000, 0x00000000c3b00000|100%| S|CS|TAMS 0x00000000c3a00000, 0x00000000c3a00000| Complete 
|  39|0x00000000c3b00000, 0x00000000c3b00000, 0x00000000c3c00000|  0%| F|  |TAMS 0x00000000c3b00000, 0x00000000c3b00000| Untracked 
|  40|0x00000000c3c00000, 0x00000000c3c00000, 0x00000000c3d00000|  0%| F|  |TAMS 0x00000000c3c00000, 0x00000000c3c00000| Untracked 
|  41|0x00000000c3d00000, 0x00000000c3de8630, 0x00000000c3e00000| 90%| E|  |TAMS 0x00000000c3d00000, 0x00000000c3d00000| Complete 
|  42|0x00000000c3e00000, 0x00000000c3f00000, 0x00000000c3f00000|100%| E|CS|TAMS 0x00000000c3e00000, 0x00000000c3e00000| Complete 
|  43|0x00000000c3f00000, 0x00000000c4000000, 0x00000000c4000000|100%| E|CS|TAMS 0x00000000c3f00000, 0x00000000c3f00000| Complete 
|  44|0x00000000c4000000, 0x00000000c4100000, 0x00000000c4100000|100%| E|CS|TAMS 0x00000000c4000000, 0x00000000c4000000| Complete 
|  45|0x00000000c4100000, 0x00000000c4200000, 0x00000000c4200000|100%| E|CS|TAMS 0x00000000c4100000, 0x00000000c4100000| Complete 
|  46|0x00000000c4200000, 0x00000000c4300000, 0x00000000c4300000|100%| E|CS|TAMS 0x00000000c4200000, 0x00000000c4200000| Complete 
|  47|0x00000000c4300000, 0x00000000c4400000, 0x00000000c4400000|100%| E|CS|TAMS 0x00000000c4300000, 0x00000000c4300000| Complete 
|  48|0x00000000c4400000, 0x00000000c4500000, 0x00000000c4500000|100%| E|CS|TAMS 0x00000000c4400000, 0x00000000c4400000| Complete 
|  49|0x00000000c4500000, 0x00000000c4600000, 0x00000000c4600000|100%| E|CS|TAMS 0x00000000c4500000, 0x00000000c4500000| Complete 
|  50|0x00000000c4600000, 0x00000000c4700000, 0x00000000c4700000|100%| E|CS|TAMS 0x00000000c4600000, 0x00000000c4600000| Complete 
|  51|0x00000000c4700000, 0x00000000c4800000, 0x00000000c4800000|100%| E|CS|TAMS 0x00000000c4700000, 0x00000000c4700000| Complete 
|  52|0x00000000c4800000, 0x00000000c4900000, 0x00000000c4900000|100%| E|CS|TAMS 0x00000000c4800000, 0x00000000c4800000| Complete 
|  53|0x00000000c4900000, 0x00000000c4a00000, 0x00000000c4a00000|100%| E|CS|TAMS 0x00000000c4900000, 0x00000000c4900000| Complete 
|  54|0x00000000c4a00000, 0x00000000c4b00000, 0x00000000c4b00000|100%| E|CS|TAMS 0x00000000c4a00000, 0x00000000c4a00000| Complete 
|  55|0x00000000c4b00000, 0x00000000c4c00000, 0x00000000c4c00000|100%| E|CS|TAMS 0x00000000c4b00000, 0x00000000c4b00000| Complete 
|  56|0x00000000c4c00000, 0x00000000c4d00000, 0x00000000c4d00000|100%| E|CS|TAMS 0x00000000c4c00000, 0x00000000c4c00000| Complete 
|  57|0x00000000c4d00000, 0x00000000c4e00000, 0x00000000c4e00000|100%| E|CS|TAMS 0x00000000c4d00000, 0x00000000c4d00000| Complete 
|  63|0x00000000c5300000, 0x00000000c5400000, 0x00000000c5400000|100%| E|CS|TAMS 0x00000000c5300000, 0x00000000c5300000| Complete 

Card table byte_map: [0x0000025bd0a10000,0x0000025bd0c10000] _byte_map_base: 0x0000025bd0406000

Marking Bits (Prev, Next): (CMBitMap*) 0x0000025bbc36b400, (CMBitMap*) 0x0000025bbc36b3c0
 Prev Bits: [0x0000025bd1dc0000, 0x0000025bd2d70000)
 Next Bits: [0x0000025bd0e10000, 0x0000025bd1dc0000)

Polling page: 0x0000025bbc410000

Metaspace:

Usage:
  Non-class:     64.31 MB used.
      Class:      9.54 MB used.
       Both:     73.84 MB used.

Virtual space:
  Non-class space:       72.00 MB reserved,      64.56 MB ( 90%) committed,  9 nodes.
      Class space:        1.00 GB reserved,       9.81 MB ( <1%) committed,  1 nodes.
             Both:        1.07 GB reserved,      74.38 MB (  7%) committed. 

Chunk freelists:
   Non-Class:  3.20 MB
       Class:  2.03 MB
        Both:  5.23 MB

MaxMetaspaceSize: unlimited
CompressedClassSpaceSize: 1.00 GB
Initial GC threshold: 21.00 MB
Current GC threshold: 122.62 MB
CDS: off
MetaspaceReclaimPolicy: balanced
 - commit_granule_bytes: 65536.
 - commit_granule_words: 8192.
 - virtual_space_node_default_size: 1048576.
 - enlarge_chunks_in_place: 1.
 - new_chunks_are_fully_committed: 0.
 - uncommit_free_chunks: 1.
 - use_allocation_guard: 0.
 - handle_deallocations: 1.


Internal statistics:

num_allocs_failed_limit: 6.
num_arena_births: 738.
num_arena_deaths: 2.
num_vsnodes_births: 10.
num_vsnodes_deaths: 0.
num_space_committed: 1190.
num_space_uncommitted: 0.
num_chunks_returned_to_freelist: 9.
num_chunks_taken_from_freelist: 3093.
num_chunk_merges: 0.
num_chunk_splits: 2195.
num_chunks_enlarged: 1716.
num_purges: 4.
num_inconsistent_stats: 0.

CodeHeap 'non-profiled nmethods': size=120000Kb used=3551Kb max_used=3551Kb free=116448Kb
 bounds [0x0000025bc8cc0000, 0x0000025bc9040000, 0x0000025bd01f0000]
CodeHeap 'profiled nmethods': size=120000Kb used=11679Kb max_used=11679Kb free=108320Kb
 bounds [0x0000025bc1790000, 0x0000025bc2300000, 0x0000025bc8cc0000]
CodeHeap 'non-nmethods': size=5760Kb used=1349Kb max_used=1438Kb free=4411Kb
 bounds [0x0000025bc11f0000, 0x0000025bc1460000, 0x0000025bc1790000]
 total_blobs=6771 nmethods=6087 adapters=596
 compilation: enabled
              stopped_count=0, restarted_count=0
 full_count=0

Compilation events (20 events):
Event: 235.177 Thread 0x0000025bd53b17a0 6923       2       java.util.concurrent.ConcurrentHashMap$EntryIterator::<init> (12 bytes)
Event: 235.178 Thread 0x0000025bd53b17a0 nmethod 6923 0x0000025bc22b9e10 code [0x0000025bc22b9fa0, 0x0000025bc22ba0c8]
Event: 235.179 Thread 0x0000025bd53b17a0 6925       2       org.springframework.core.MethodParameter::forExecutable (58 bytes)
Event: 235.180 Thread 0x0000025bd53b17a0 nmethod 6925 0x0000025bc22ba190 code [0x0000025bc22ba3a0, 0x0000025bc22baa18]
Event: 235.184 Thread 0x0000025bd53b17a0 6926       2       org.springframework.util.CollectionUtils::computeMapInitialCapacity (11 bytes)
Event: 235.184 Thread 0x0000025bd53b17a0 nmethod 6926 0x0000025bc22bad10 code [0x0000025bc22baec0, 0x0000025bc22bafe8]
Event: 235.184 Thread 0x0000025bd53b17a0 6927       2       java.lang.Math::ceil (5 bytes)
Event: 235.185 Thread 0x0000025bd53b17a0 nmethod 6927 0x0000025bc22bb090 code [0x0000025bc22bb220, 0x0000025bc22bb328]
Event: 235.185 Thread 0x0000025bd53b17a0 6928       2       java.lang.StrictMath::ceil (10 bytes)
Event: 235.185 Thread 0x0000025bd53b17a0 nmethod 6928 0x0000025bc22bb410 code [0x0000025bc22bb5e0, 0x0000025bc22bb6e8]
Event: 235.192 Thread 0x0000025bd53b17a0 6929       2       org.springframework.beans.PropertyEditorRegistrySupport::registerDefaultEditors (6 bytes)
Event: 235.192 Thread 0x0000025bd53b17a0 nmethod 6929 0x0000025bc22bb790 code [0x0000025bc22bb920, 0x0000025bc22bba38]
Event: 235.192 Thread 0x0000025bd53b17a0 6930       2       java.time.temporal.ValueRange::checkValidValue (24 bytes)
Event: 235.192 Thread 0x0000025bd53b17a0 nmethod 6930 0x0000025bc22bbb10 code [0x0000025bc22bbcc0, 0x0000025bc22bbef8]
Event: 235.193 Thread 0x0000025bd53b17a0 6931       2       ch.qos.logback.core.pattern.CompositeConverter::convert (43 bytes)
Event: 235.193 Thread 0x0000025bd53b17a0 nmethod 6931 0x0000025bc22bc010 code [0x0000025bc22bc1e0, 0x0000025bc22bc508]
Event: 235.193 Thread 0x0000025bd53b17a0 6932       2       org.springframework.boot.logging.logback.ColorConverter::transform (10 bytes)
Event: 235.194 Thread 0x0000025bd53b17a0 nmethod 6932 0x0000025bc22bc710 code [0x0000025bc22bc8c0, 0x0000025bc22bca28]
Event: 235.195 Thread 0x0000025bd53b17a0 6933       2       org.springframework.beans.factory.support.AbstractAutowireCapableBeanFactory::applyBeanPostProcessorsBeforeInstantiation (57 bytes)
Event: 235.196 Thread 0x0000025bd53b17a0 nmethod 6933 0x0000025bc22bcb10 code [0x0000025bc22bcd00, 0x0000025bc22bcfc8]

GC Heap History (20 events):
Event: 27.307 GC heap before
{Heap before GC invocations=32 (full 0):
 garbage-first heap   total 43008K, used 32350K [0x00000000c1400000, 0x0000000100000000)
  region size 1024K, 12 young (12288K), 2 survivors (2048K)
 Metaspace       used 64638K, committed 65152K, reserved 1105920K
  class space    used 8395K, committed 8640K, reserved 1048576K
}
Event: 27.312 GC heap after
{Heap after GC invocations=33 (full 0):
 garbage-first heap   total 43008K, used 23473K [0x00000000c1400000, 0x0000000100000000)
  region size 1024K, 2 young (2048K), 2 survivors (2048K)
 Metaspace       used 64638K, committed 65152K, reserved 1105920K
  class space    used 8395K, committed 8640K, reserved 1048576K
}
Event: 30.106 GC heap before
{Heap before GC invocations=33 (full 0):
 garbage-first heap   total 43008K, used 34737K [0x00000000c1400000, 0x0000000100000000)
  region size 1024K, 13 young (13312K), 2 survivors (2048K)
 Metaspace       used 66680K, committed 67136K, reserved 1114112K
  class space    used 8690K, committed 8896K, reserved 1048576K
}
Event: 30.113 GC heap after
{Heap after GC invocations=34 (full 0):
 garbage-first heap   total 43008K, used 24474K [0x00000000c1400000, 0x0000000100000000)
  region size 1024K, 2 young (2048K), 2 survivors (2048K)
 Metaspace       used 66680K, committed 67136K, reserved 1114112K
  class space    used 8690K, committed 8896K, reserved 1048576K
}
Event: 31.044 GC heap before
{Heap before GC invocations=35 (full 0):
 garbage-first heap   total 45056K, used 32666K [0x00000000c1400000, 0x0000000100000000)
  region size 1024K, 11 young (11264K), 2 survivors (2048K)
 Metaspace       used 67780K, committed 68288K, reserved 1114112K
  class space    used 8853K, committed 9088K, reserved 1048576K
}
Event: 31.050 GC heap after
{Heap after GC invocations=36 (full 0):
 garbage-first heap   total 45056K, used 25556K [0x00000000c1400000, 0x0000000100000000)
  region size 1024K, 2 young (2048K), 2 survivors (2048K)
 Metaspace       used 67780K, committed 68288K, reserved 1114112K
  class space    used 8853K, committed 9088K, reserved 1048576K
}
Event: 32.024 GC heap before
{Heap before GC invocations=36 (full 0):
 garbage-first heap   total 45056K, used 35796K [0x00000000c1400000, 0x0000000100000000)
  region size 1024K, 12 young (12288K), 2 survivors (2048K)
 Metaspace       used 69352K, committed 69824K, reserved 1114112K
  class space    used 9027K, committed 9216K, reserved 1048576K
}
Event: 32.033 GC heap after
{Heap after GC invocations=37 (full 0):
 garbage-first heap   total 45056K, used 26442K [0x00000000c1400000, 0x0000000100000000)
  region size 1024K, 2 young (2048K), 2 survivors (2048K)
 Metaspace       used 69352K, committed 69824K, reserved 1114112K
  class space    used 9027K, committed 9216K, reserved 1048576K
}
Event: 32.970 GC heap before
{Heap before GC invocations=38 (full 0):
 garbage-first heap   total 46080K, used 36682K [0x00000000c1400000, 0x0000000100000000)
  region size 1024K, 12 young (12288K), 2 survivors (2048K)
 Metaspace       used 70841K, committed 71296K, reserved 1114112K
  class space    used 9241K, committed 9472K, reserved 1048576K
}
Event: 32.976 GC heap after
{Heap after GC invocations=39 (full 0):
 garbage-first heap   total 46080K, used 27397K [0x00000000c1400000, 0x0000000100000000)
  region size 1024K, 1 young (1024K), 1 survivors (1024K)
 Metaspace       used 70841K, committed 71296K, reserved 1114112K
  class space    used 9241K, committed 9472K, reserved 1048576K
}
Event: 63.555 GC heap before
{Heap before GC invocations=39 (full 0):
 garbage-first heap   total 46080K, used 37637K [0x00000000c1400000, 0x0000000100000000)
  region size 1024K, 11 young (11264K), 1 survivors (1024K)
 Metaspace       used 73331K, committed 73792K, reserved 1114112K
  class space    used 9570K, committed 9792K, reserved 1048576K
}
Event: 63.562 GC heap after
{Heap after GC invocations=40 (full 0):
 garbage-first heap   total 46080K, used 28067K [0x00000000c1400000, 0x0000000100000000)
  region size 1024K, 2 young (2048K), 2 survivors (2048K)
 Metaspace       used 73331K, committed 73792K, reserved 1114112K
  class space    used 9570K, committed 9792K, reserved 1048576K
}
Event: 221.393 GC heap before
{Heap before GC invocations=41 (full 0):
 garbage-first heap   total 50176K, used 35235K [0x00000000c1400000, 0x0000000100000000)
  region size 1024K, 10 young (10240K), 2 survivors (2048K)
 Metaspace       used 74595K, committed 75136K, reserved 1122304K
  class space    used 9735K, committed 9984K, reserved 1048576K
}
Event: 224.074 GC heap after
{Heap after GC invocations=42 (full 1):
 garbage-first heap   total 50176K, used 23411K [0x00000000c1400000, 0x0000000100000000)
  region size 1024K, 0 young (0K), 0 survivors (0K)
 Metaspace       used 74595K, committed 75136K, reserved 1122304K
  class space    used 9735K, committed 9984K, reserved 1048576K
}
Event: 229.651 GC heap before
{Heap before GC invocations=42 (full 1):
 garbage-first heap   total 50176K, used 38771K [0x00000000c1400000, 0x0000000100000000)
  region size 1024K, 16 young (16384K), 0 survivors (0K)
 Metaspace       used 74726K, committed 75328K, reserved 1122304K
  class space    used 9738K, committed 10048K, reserved 1048576K
}
Event: 229.658 GC heap after
{Heap after GC invocations=43 (full 1):
 garbage-first heap   total 50176K, used 24996K [0x00000000c1400000, 0x0000000100000000)
  region size 1024K, 2 young (2048K), 2 survivors (2048K)
 Metaspace       used 74726K, committed 75328K, reserved 1122304K
  class space    used 9738K, committed 10048K, reserved 1048576K
}
Event: 232.254 GC heap before
{Heap before GC invocations=44 (full 1):
 garbage-first heap   total 50176K, used 39332K [0x00000000c1400000, 0x0000000100000000)
  region size 1024K, 16 young (16384K), 2 survivors (2048K)
 Metaspace       used 74907K, committed 75456K, reserved 1122304K
  class space    used 9742K, committed 10048K, reserved 1048576K
}
Event: 232.261 GC heap after
{Heap after GC invocations=45 (full 1):
 garbage-first heap   total 60416K, used 26090K [0x00000000c1400000, 0x0000000100000000)
  region size 1024K, 2 young (2048K), 2 survivors (2048K)
 Metaspace       used 74907K, committed 75456K, reserved 1122304K
  class space    used 9742K, committed 10048K, reserved 1048576K
}
Event: 234.358 GC heap before
{Heap before GC invocations=45 (full 1):
 garbage-first heap   total 60416K, used 46570K [0x00000000c1400000, 0x0000000100000000)
  region size 1024K, 22 young (22528K), 2 survivors (2048K)
 Metaspace       used 75237K, committed 75840K, reserved 1122304K
  class space    used 9753K, committed 10048K, reserved 1048576K
}
Event: 234.363 GC heap after
{Heap after GC invocations=46 (full 1):
 garbage-first heap   total 60416K, used 27127K [0x00000000c1400000, 0x0000000100000000)
  region size 1024K, 3 young (3072K), 3 survivors (3072K)
 Metaspace       used 75237K, committed 75840K, reserved 1122304K
  class space    used 9753K, committed 10048K, reserved 1048576K
}

Deoptimization events (20 events):
Event: 234.260 Thread 0x0000025bd6600de0 DEOPT PACKING pc=0x0000025bc2029543 sp=0x000000676adfddf0
Event: 234.260 Thread 0x0000025bd6600de0 DEOPT UNPACKING pc=0x0000025bc1242b43 sp=0x000000676adfd278 mode 0
Event: 234.265 Thread 0x0000025bd6600de0 DEOPT PACKING pc=0x0000025bc205f3ba sp=0x000000676adfd9a0
Event: 234.265 Thread 0x0000025bd6600de0 DEOPT UNPACKING pc=0x0000025bc1242b43 sp=0x000000676adfce60 mode 0
Event: 234.320 Thread 0x0000025bd6600de0 DEOPT PACKING pc=0x0000025bc2029543 sp=0x000000676adfdc50
Event: 234.320 Thread 0x0000025bd6600de0 DEOPT UNPACKING pc=0x0000025bc1242b43 sp=0x000000676adfd0d8 mode 0
Event: 234.371 Thread 0x0000025bd6600de0 DEOPT PACKING pc=0x0000025bc205f3ba sp=0x000000676adfd910
Event: 234.372 Thread 0x0000025bd6600de0 DEOPT UNPACKING pc=0x0000025bc1242b43 sp=0x000000676adfcdd0 mode 0
Event: 234.372 Thread 0x0000025bd6600de0 DEOPT PACKING pc=0x0000025bc2029543 sp=0x000000676adfdb00
Event: 234.372 Thread 0x0000025bd6600de0 DEOPT UNPACKING pc=0x0000025bc1242b43 sp=0x000000676adfcf88 mode 0
Event: 234.665 Thread 0x0000025bd6605fb0 DEOPT PACKING pc=0x0000025bc205f3ba sp=0x0000006768efbf40
Event: 234.665 Thread 0x0000025bd6605fb0 DEOPT UNPACKING pc=0x0000025bc1242b43 sp=0x0000006768efb400 mode 0
Event: 234.888 Thread 0x0000025bd6605fb0 Uncommon trap: trap_request=0xffffff45 fr.pc=0x0000025bc8d5dd0c relative=0x000000000000276c
Event: 234.888 Thread 0x0000025bd6605fb0 Uncommon trap: reason=unstable_if action=reinterpret pc=0x0000025bc8d5dd0c method=org.springframework.core.annotation.TypeMappedAnnotations$MergedAnnotationFinder.doWithAnnotations(Ljava/lang/Object;ILjava/lang/Object;[Ljava/lang/annotation/Annotation;)Lo
Event: 234.888 Thread 0x0000025bd6605fb0 DEOPT PACKING pc=0x0000025bc8d5dd0c sp=0x0000006768efb630
Event: 234.888 Thread 0x0000025bd6605fb0 DEOPT UNPACKING pc=0x0000025bc12423a3 sp=0x0000006768efb4c8 mode 2
Event: 234.900 Thread 0x0000025bd6605fb0 Uncommon trap: trap_request=0xffffff45 fr.pc=0x0000025bc8e8f4f8 relative=0x00000000000001d8
Event: 234.900 Thread 0x0000025bd6605fb0 Uncommon trap: reason=unstable_if action=reinterpret pc=0x0000025bc8e8f4f8 method=java.util.ArrayDeque.addLast(Ljava/lang/Object;)V @ 42 c2
Event: 234.900 Thread 0x0000025bd6605fb0 DEOPT PACKING pc=0x0000025bc8e8f4f8 sp=0x0000006768efaf90
Event: 234.900 Thread 0x0000025bd6605fb0 DEOPT UNPACKING pc=0x0000025bc12423a3 sp=0x0000006768efaf50 mode 2

Classes unloaded (1 events):
Event: 32.148 Thread 0x0000025bd53631b0 Unloading class 0x00000001008a6000 'jdk/internal/reflect/GeneratedSerializationConstructorAccessor1'

Classes redefined (0 events):
No events

Internal exceptions (20 events):
Event: 221.225 Thread 0x0000025bd6604c70 Exception <a 'java/io/IOException'{0x00000000c3ef6918}> (0x00000000c3ef6918) 
thrown [e:\jenkins\tmp\workspace\build\src\src\hotspot\share\prims\jni.cpp, line 516]
Event: 221.225 Thread 0x0000025bd6604c70 Exception <a 'java/io/IOException'{0x00000000c3ef7458}> (0x00000000c3ef7458) 
thrown [e:\jenkins\tmp\workspace\build\src\src\hotspot\share\prims\jni.cpp, line 516]
Event: 221.246 Thread 0x0000025bd6604c70 Exception <a 'java/io/IOException'{0x00000000c3efc688}> (0x00000000c3efc688) 
thrown [e:\jenkins\tmp\workspace\build\src\src\hotspot\share\prims\jni.cpp, line 516]
Event: 221.246 Thread 0x0000025bd6604c70 Exception <a 'java/io/IOException'{0x00000000c3efd410}> (0x00000000c3efd410) 
thrown [e:\jenkins\tmp\workspace\build\src\src\hotspot\share\prims\jni.cpp, line 516]
Event: 224.867 Thread 0x0000025bd6605fb0 Exception <a 'sun/nio/fs/WindowsException'{0x00000000c5386270}> (0x00000000c5386270) 
thrown [e:\jenkins\tmp\workspace\build\src\src\hotspot\share\prims\jni.cpp, line 516]
Event: 225.410 Thread 0x0000025bd6605fb0 Exception <a 'sun/nio/fs/WindowsException'{0x00000000c4aa4ec0}> (0x00000000c4aa4ec0) 
thrown [e:\jenkins\tmp\workspace\build\src\src\hotspot\share\prims\jni.cpp, line 516]
Event: 229.890 Thread 0x0000025bd6605fb0 Exception <a 'sun/nio/fs/WindowsException'{0x00000000c4bf18f0}> (0x00000000c4bf18f0) 
thrown [e:\jenkins\tmp\workspace\build\src\src\hotspot\share\prims\jni.cpp, line 516]
Event: 229.922 Thread 0x0000025bd6605fb0 Exception <a 'sun/nio/fs/WindowsException'{0x00000000c4a34010}> (0x00000000c4a34010) 
thrown [e:\jenkins\tmp\workspace\build\src\src\hotspot\share\prims\jni.cpp, line 516]
Event: 230.729 Thread 0x0000025bd6605fb0 Exception <a 'java/lang/NoClassDefFoundError'{0x00000000c4073248}: org/flywaydb/core/Flyway> (0x00000000c4073248) 
thrown [e:\jenkins\tmp\workspace\build\src\src\hotspot\share\oops\constantPool.cpp, line 835]
Event: 230.729 Thread 0x0000025bd6605fb0 Exception <a 'java/lang/NoClassDefFoundError'{0x00000000c4073898}: liquibase/integration/spring/SpringLiquibase> (0x00000000c4073898) 
thrown [e:\jenkins\tmp\workspace\build\src\src\hotspot\share\oops\constantPool.cpp, line 835]
Event: 230.740 Thread 0x0000025bd6605fb0 Exception <a 'java/lang/NoClassDefFoundError'{0x00000000c40c4ea0}: org/jooq/DSLContext> (0x00000000c40c4ea0) 
thrown [e:\jenkins\tmp\workspace\build\src\src\hotspot\share\oops\constantPool.cpp, line 835]
Event: 230.741 Thread 0x0000025bd6605fb0 Exception <a 'java/lang/NoClassDefFoundError'{0x00000000c40cfa30}: org/springframework/batch/core/repository/JobRepository> (0x00000000c40cfa30) 
thrown [e:\jenkins\tmp\workspace\build\src\src\hotspot\share\oops\constantPool.cpp, line 835]
Event: 230.741 Thread 0x0000025bd6605fb0 Exception <a 'java/lang/NoClassDefFoundError'{0x00000000c40d0078}: org/quartz/Scheduler> (0x00000000c40d0078) 
thrown [e:\jenkins\tmp\workspace\build\src\src\hotspot\share\oops\constantPool.cpp, line 835]
Event: 230.741 Thread 0x0000025bd6605fb0 Exception <a 'java/lang/NoClassDefFoundError'{0x00000000c40d06e8}: org/springframework/session/jdbc/JdbcIndexedSessionRepository> (0x00000000c40d06e8) 
thrown [e:\jenkins\tmp\workspace\build\src\src\hotspot\share\oops\constantPool.cpp, line 835]
Event: 231.730 Thread 0x0000025bd6605fb0 Exception <a 'sun/nio/fs/WindowsException'{0x00000000c3ad2f88}> (0x00000000c3ad2f88) 
thrown [e:\jenkins\tmp\workspace\build\src\src\hotspot\share\prims\jni.cpp, line 516]
Event: 231.732 Thread 0x0000025bd6605fb0 Exception <a 'sun/nio/fs/WindowsException'{0x00000000c3ad3568}> (0x00000000c3ad3568) 
thrown [e:\jenkins\tmp\workspace\build\src\src\hotspot\share\prims\jni.cpp, line 516]
Event: 231.876 Thread 0x0000025bd6605fb0 Exception <a 'sun/nio/fs/WindowsException'{0x00000000c3ad3c10}> (0x00000000c3ad3c10) 
thrown [e:\jenkins\tmp\workspace\build\src\src\hotspot\share\prims\jni.cpp, line 516]
Event: 231.930 Thread 0x0000025bd6605fb0 Exception <a 'java/io/FileNotFoundException'{0x00000000c3903bd8}> (0x00000000c3903bd8) 
thrown [e:\jenkins\tmp\workspace\build\src\src\hotspot\share\prims\jni.cpp, line 516]
Event: 232.183 Thread 0x0000025bd6605fb0 Exception <a 'java/io/FileNotFoundException'{0x00000000c38860e8}> (0x00000000c38860e8) 
thrown [e:\jenkins\tmp\workspace\build\src\src\hotspot\share\prims\jni.cpp, line 516]
Event: 232.351 Thread 0x0000025bd6605fb0 Exception <a 'sun/nio/fs/WindowsException'{0x00000000c4c23298}> (0x00000000c4c23298) 
thrown [e:\jenkins\tmp\workspace\build\src\src\hotspot\share\prims\jni.cpp, line 516]

VM Operations (20 events):
Event: 229.173 Executing VM operation: Cleanup
Event: 229.173 Executing VM operation: Cleanup done
Event: 229.651 Executing VM operation: G1CollectForAllocation
Event: 229.658 Executing VM operation: G1CollectForAllocation done
Event: 229.782 Executing VM operation: G1Concurrent
Event: 229.788 Executing VM operation: G1Concurrent done
Event: 229.833 Executing VM operation: G1Concurrent
Event: 229.834 Executing VM operation: G1Concurrent done
Event: 230.856 Executing VM operation: Cleanup
Event: 230.882 Executing VM operation: Cleanup done
Event: 231.893 Executing VM operation: Cleanup
Event: 231.893 Executing VM operation: Cleanup done
Event: 232.239 Executing VM operation: G1CollectForAllocation
Event: 232.261 Executing VM operation: G1CollectForAllocation done
Event: 233.275 Executing VM operation: Cleanup
Event: 233.275 Executing VM operation: Cleanup done
Event: 234.276 Executing VM operation: Cleanup
Event: 234.276 Executing VM operation: Cleanup done
Event: 234.358 Executing VM operation: G1CollectForAllocation
Event: 234.363 Executing VM operation: G1CollectForAllocation done

Events (20 events):
Event: 224.075 loading class java/lang/ref/Finalizer$2
Event: 224.113 loading class java/lang/ref/Finalizer$2 done
Event: 224.113 loading class java/lang/ref/Finalizer$1
Event: 224.114 loading class java/lang/ref/Finalizer$1 done
Event: 224.114 Thread 0x0000025bd6603930 Thread added: 0x0000025bd6603930
Event: 224.146 Thread 0x0000025bd6603930 Thread exited: 0x0000025bd6603930
Event: 224.146 Thread 0x0000025bd6605fb0 Thread added: 0x0000025bd6605fb0
Event: 225.790 Thread 0x0000025bd6605140 Thread added: 0x0000025bd6605140
Event: 227.737 Thread 0x0000025bd6605140 Thread exited: 0x0000025bd6605140
Event: 230.646 loading class java/util/WeakHashMap$EntrySet
Event: 230.672 loading class java/util/WeakHashMap$EntrySet done
Event: 230.672 loading class java/util/WeakHashMap$EntryIterator
Event: 230.672 loading class java/util/WeakHashMap$EntryIterator done
Event: 232.184 Thread 0x0000025bd6606480 Thread added: 0x0000025bd6606480
Event: 232.184 Thread 0x0000025bd66025f0 Thread added: 0x0000025bd66025f0
Event: 232.184 Thread 0x0000025bd6602ac0 Thread added: 0x0000025bd6602ac0
Event: 233.360 Thread 0x0000025bd6607c90 Thread added: 0x0000025bd6607c90
Event: 233.503 Thread 0x0000025bd6600de0 Thread added: 0x0000025bd6600de0
Event: 235.090 loading class java/lang/invoke/MethodHandleImpl$CountingWrapper$1
Event: 235.126 loading class java/lang/invoke/MethodHandleImpl$CountingWrapper$1 done


Dynamic libraries:
0x00007ff620f90000 - 0x00007ff620f9e000 	C:\Users\HP\.p2\pool\plugins\org.eclipse.justj.openjdk.hotspot.jre.full.win32.x86_64_17.0.2.v20220201-1208\jre\bin\javaw.exe
0x00007ffe75b30000 - 0x00007ffe75d27000 	C:\WINDOWS\SYSTEM32\ntdll.dll
0x00007ffe756b0000 - 0x00007ffe7576d000 	C:\WINDOWS\System32\KERNEL32.DLL
0x00007ffe73740000 - 0x00007ffe73a0d000 	C:\WINDOWS\System32\KERNELBASE.dll
0x00007ffe73500000 - 0x00007ffe73600000 	C:\WINDOWS\System32\ucrtbase.dll
0x00007ffe64460000 - 0x00007ffe64478000 	C:\Users\HP\.p2\pool\plugins\org.eclipse.justj.openjdk.hotspot.jre.full.win32.x86_64_17.0.2.v20220201-1208\jre\bin\jli.dll
0x00007ffe64af0000 - 0x00007ffe64b09000 	C:\Users\HP\.p2\pool\plugins\org.eclipse.justj.openjdk.hotspot.jre.full.win32.x86_64_17.0.2.v20220201-1208\jre\bin\VCRUNTIME140.dll
0x00007ffe752a0000 - 0x00007ffe75440000 	C:\WINDOWS\System32\USER32.dll
0x00007ffe73a10000 - 0x00007ffe73a32000 	C:\WINDOWS\System32\win32u.dll
0x00007ffe754e0000 - 0x00007ffe7550a000 	C:\WINDOWS\System32\GDI32.dll
0x00007ffe73630000 - 0x00007ffe7373b000 	C:\WINDOWS\System32\gdi32full.dll
0x00007ffe73460000 - 0x00007ffe734fd000 	C:\WINDOWS\System32\msvcp_win.dll
0x00007ffe60cd0000 - 0x00007ffe60f6a000 	C:\WINDOWS\WinSxS\amd64_microsoft.windows.common-controls_6595b64144ccf1df_6.0.19041.1110_none_60b5254171f9507e\COMCTL32.dll
0x00007ffe75600000 - 0x00007ffe7569e000 	C:\WINDOWS\System32\msvcrt.dll
0x00007ffe75ac0000 - 0x00007ffe75af0000 	C:\WINDOWS\System32\IMM32.DLL
0x00007ffe64b60000 - 0x00007ffe64b6c000 	C:\Users\HP\.p2\pool\plugins\org.eclipse.justj.openjdk.hotspot.jre.full.win32.x86_64_17.0.2.v20220201-1208\jre\bin\vcruntime140_1.dll
0x00007ffe409a0000 - 0x00007ffe40a31000 	C:\Users\HP\.p2\pool\plugins\org.eclipse.justj.openjdk.hotspot.jre.full.win32.x86_64_17.0.2.v20220201-1208\jre\bin\msvcp140.dll
0x00007ffe35af0000 - 0x00007ffe36737000 	C:\Users\HP\.p2\pool\plugins\org.eclipse.justj.openjdk.hotspot.jre.full.win32.x86_64_17.0.2.v20220201-1208\jre\bin\server\jvm.dll
0x00007ffe73d20000 - 0x00007ffe73dce000 	C:\WINDOWS\System32\ADVAPI32.dll
0x00007ffe75440000 - 0x00007ffe754dc000 	C:\WINDOWS\System32\sechost.dll
0x00007ffe73b90000 - 0x00007ffe73cb5000 	C:\WINDOWS\System32\RPCRT4.dll
0x00007ffe75290000 - 0x00007ffe75298000 	C:\WINDOWS\System32\PSAPI.DLL
0x00007ffe5a680000 - 0x00007ffe5a6a7000 	C:\WINDOWS\SYSTEM32\WINMM.dll
0x00007ffe5f5f0000 - 0x00007ffe5f5f9000 	C:\WINDOWS\SYSTEM32\WSOCK32.dll
0x00007ffe75870000 - 0x00007ffe758db000 	C:\WINDOWS\System32\WS2_32.dll
0x00007ffe6bf70000 - 0x00007ffe6bf7a000 	C:\WINDOWS\SYSTEM32\VERSION.dll
0x00007ffe71ae0000 - 0x00007ffe71af2000 	C:\WINDOWS\SYSTEM32\kernel.appcore.dll
0x00007ffe65ef0000 - 0x00007ffe65efa000 	C:\Users\HP\.p2\pool\plugins\org.eclipse.justj.openjdk.hotspot.jre.full.win32.x86_64_17.0.2.v20220201-1208\jre\bin\jimage.dll
0x00007ffe71000000 - 0x00007ffe711e4000 	C:\WINDOWS\SYSTEM32\DBGHELP.DLL
0x00007ffe5e6e0000 - 0x00007ffe5e70c000 	C:\WINDOWS\SYSTEM32\dbgcore.DLL
0x00007ffe73b00000 - 0x00007ffe73b82000 	C:\WINDOWS\System32\bcryptPrimitives.dll
0x00007ffe40360000 - 0x00007ffe40385000 	C:\Users\HP\.p2\pool\plugins\org.eclipse.justj.openjdk.hotspot.jre.full.win32.x86_64_17.0.2.v20220201-1208\jre\bin\java.dll
0x00007ffe643b0000 - 0x00007ffe643c8000 	C:\Users\HP\.p2\pool\plugins\org.eclipse.justj.openjdk.hotspot.jre.full.win32.x86_64_17.0.2.v20220201-1208\jre\bin\zip.dll
0x00007ffe743b0000 - 0x00007ffe74af4000 	C:\WINDOWS\System32\SHELL32.dll
0x00007ffe711f0000 - 0x00007ffe71984000 	C:\WINDOWS\SYSTEM32\windows.storage.dll
0x00007ffe73ea0000 - 0x00007ffe741f4000 	C:\WINDOWS\System32\combase.dll
0x00007ffe72be0000 - 0x00007ffe72c0c000 	C:\WINDOWS\SYSTEM32\Wldp.dll
0x00007ffe74d70000 - 0x00007ffe74e1d000 	C:\WINDOWS\System32\SHCORE.dll
0x00007ffe73cc0000 - 0x00007ffe73d15000 	C:\WINDOWS\System32\shlwapi.dll
0x00007ffe73190000 - 0x00007ffe731af000 	C:\WINDOWS\SYSTEM32\profapi.dll
0x00007ffe64360000 - 0x00007ffe64379000 	C:\Users\HP\.p2\pool\plugins\org.eclipse.justj.openjdk.hotspot.jre.full.win32.x86_64_17.0.2.v20220201-1208\jre\bin\net.dll
0x00007ffe64500000 - 0x00007ffe6460a000 	C:\WINDOWS\SYSTEM32\WINHTTP.dll
0x00007ffe72940000 - 0x00007ffe729aa000 	C:\WINDOWS\system32\mswsock.dll
0x00007ffe64170000 - 0x00007ffe64185000 	C:\Users\HP\.p2\pool\plugins\org.eclipse.justj.openjdk.hotspot.jre.full.win32.x86_64_17.0.2.v20220201-1208\jre\bin\nio.dll
0x00007ffe64bc0000 - 0x00007ffe64bc9000 	C:\Users\HP\.p2\pool\plugins\org.eclipse.justj.openjdk.hotspot.jre.full.win32.x86_64_17.0.2.v20220201-1208\jre\bin\management.dll
0x00007ffe5fe50000 - 0x00007ffe5fe5b000 	C:\Users\HP\.p2\pool\plugins\org.eclipse.justj.openjdk.hotspot.jre.full.win32.x86_64_17.0.2.v20220201-1208\jre\bin\management_ext.dll
0x00007ffe72b30000 - 0x00007ffe72b48000 	C:\WINDOWS\SYSTEM32\CRYPTSP.dll
0x00007ffe722c0000 - 0x00007ffe722f4000 	C:\WINDOWS\system32\rsaenh.dll
0x00007ffe73600000 - 0x00007ffe73627000 	C:\WINDOWS\System32\bcrypt.dll
0x00007ffe73110000 - 0x00007ffe7313e000 	C:\WINDOWS\SYSTEM32\USERENV.dll
0x00007ffe72b50000 - 0x00007ffe72b5c000 	C:\WINDOWS\SYSTEM32\CRYPTBASE.dll
0x00007ffe72630000 - 0x00007ffe7266b000 	C:\WINDOWS\SYSTEM32\IPHLPAPI.DLL
0x00007ffe755f0000 - 0x00007ffe755f8000 	C:\WINDOWS\System32\NSI.dll
0x00007ffe6a5f0000 - 0x00007ffe6a607000 	C:\WINDOWS\SYSTEM32\dhcpcsvc6.DLL
0x00007ffe6ac10000 - 0x00007ffe6ac2d000 	C:\WINDOWS\SYSTEM32\dhcpcsvc.DLL
0x00007ffe72670000 - 0x00007ffe7273b000 	C:\WINDOWS\SYSTEM32\DNSAPI.dll
0x00007ffe6d390000 - 0x00007ffe6d39e000 	C:\Users\HP\.p2\pool\plugins\org.eclipse.justj.openjdk.hotspot.jre.full.win32.x86_64_17.0.2.v20220201-1208\jre\bin\sunmscapi.dll
0x00007ffe73300000 - 0x00007ffe73456000 	C:\WINDOWS\System32\CRYPT32.dll
0x00007ffe72c50000 - 0x00007ffe72c77000 	C:\WINDOWS\SYSTEM32\ncrypt.dll
0x00007ffe72c10000 - 0x00007ffe72c4b000 	C:\WINDOWS\SYSTEM32\NTASN1.dll
0x00007ffe65e60000 - 0x00007ffe65e70000 	C:\Users\HP\.p2\pool\plugins\org.eclipse.justj.openjdk.hotspot.jre.full.win32.x86_64_17.0.2.v20220201-1208\jre\bin\verify.dll
0x00007ffe63f20000 - 0x00007ffe63f2a000 	C:\Windows\System32\rasadhlp.dll
0x00007ffe64480000 - 0x00007ffe64500000 	C:\WINDOWS\System32\fwpuclnt.dll
0x00007ffe5cd90000 - 0x00007ffe5cd97000 	C:\WINDOWS\system32\wshunix.dll

dbghelp: loaded successfully - version: 4.0.5 - missing functions: none
symbol engine: initialized successfully - sym options: 0x614 - pdb path: .;C:\Users\HP\.p2\pool\plugins\org.eclipse.justj.openjdk.hotspot.jre.full.win32.x86_64_17.0.2.v20220201-1208\jre\bin;C:\WINDOWS\SYSTEM32;C:\WINDOWS\WinSxS\amd64_microsoft.windows.common-controls_6595b64144ccf1df_6.0.19041.1110_none_60b5254171f9507e;C:\Users\HP\.p2\pool\plugins\org.eclipse.justj.openjdk.hotspot.jre.full.win32.x86_64_17.0.2.v20220201-1208\jre\bin\server

VM Arguments:
jvm_args: -Dfile.encoding=UTF-8 -XX:+ShowCodeDetailsInExceptionMessages 
java_command: com.qsp.student_management_system.StudentManagementSystemApplication
java_class_path (initial): C:\Users\HP\Downloads\student_management_system\target\classes;C:\Users\HP\.m2\repository\org\springframework\boot\spring-boot-starter-data-jpa\3.1.11\spring-boot-starter-data-jpa-3.1.11.jar;C:\Users\HP\.m2\repository\org\springframework\boot\spring-boot-starter-aop\3.1.11\spring-boot-starter-aop-3.1.11.jar;C:\Users\HP\.m2\repository\org\springframework\spring-aop\6.0.19\spring-aop-6.0.19.jar;C:\Users\HP\.m2\repository\org\aspectj\aspectjweaver\1.9.22\aspectjweaver-1.9.22.jar;C:\Users\HP\.m2\repository\org\springframework\boot\spring-boot-starter-jdbc\3.1.11\spring-boot-starter-jdbc-3.1.11.jar;C:\Users\HP\.m2\repository\com\zaxxer\HikariCP\5.0.1\HikariCP-5.0.1.jar;C:\Users\HP\.m2\repository\org\springframework\spring-jdbc\6.0.19\spring-jdbc-6.0.19.jar;C:\Users\HP\.m2\repository\org\hibernate\orm\hibernate-core\6.2.24.Final\hibernate-core-6.2.24.Final.jar;C:\Users\HP\.m2\repository\jakarta\persistence\jakarta.persistence-api\3.1.0\jakarta.persistence-api-3.1.0.jar;C:\Users\HP\.m2\repository\jakarta\transaction\jakarta.transaction-api\2.0.1\jakarta.transaction-api-2.0.1.jar;C:\Users\HP\.m2\repository\org\jboss\logging\jboss-logging\3.5.3.Final\jboss-logging-3.5.3.Final.jar;C:\Users\HP\.m2\repository\org\hibernate\common\hibernate-commons-annotations\6.0.6.Final\hibernate-commons-annotations-6.0.6.Final.jar;C:\Users\HP\.m2\repository\io\smallrye\jandex\3.0.5\jandex-3.0.5.jar;C:\Users\HP\.m2\repository\com\fasterxml\classmate\1.5.1\classmate-1.5.1.jar;C:\Users\HP\.m2\repository\net\bytebuddy\byte-buddy\1.14.13\byte-buddy-1.14.13.jar;C:\Users\HP\.m2\repository\org\glassfish\jaxb\jaxb-runtime\4.0.5\jaxb-runtime-4.0.5.jar;C:\Users\HP\.m2\repository\org\glassfish\jaxb\jaxb-core\4.0.5\jaxb-core-4.0.5.jar;C:\Users\HP\.m2\repository\org\eclipse\angus\angus-activation\2.0.2\angus-activation-2.0.2.jar;C:\Users\HP\.m2\repository\org\glassfish\jaxb\txw2\4.0.5\txw2-4.0.5.jar;C:\Users\HP\.m2\repository\com\sun\istack\istack-commons-runtime\4.1.2\istack-c
Launcher Type: SUN_STANDARD

[Global flags]
     intx CICompilerCount                          = 3                                         {product} {ergonomic}
     uint ConcGCThreads                            = 1                                         {product} {ergonomic}
     uint G1ConcRefinementThreads                  = 4                                         {product} {ergonomic}
   size_t G1HeapRegionSize                         = 1048576                                   {product} {ergonomic}
    uintx GCDrainStackTargetSize                   = 64                                        {product} {ergonomic}
   size_t InitialHeapSize                          = 67108864                                  {product} {ergonomic}
   size_t MarkStackSize                            = 4194304                                   {product} {ergonomic}
   size_t MaxHeapSize                              = 1052770304                                {product} {ergonomic}
   size_t MaxNewSize                               = 631242752                                 {product} {ergonomic}
   size_t MinHeapDeltaBytes                        = 1048576                                   {product} {ergonomic}
   size_t MinHeapSize                              = 8388608                                   {product} {ergonomic}
    uintx NonNMethodCodeHeapSize                   = 5832780                                {pd product} {ergonomic}
    uintx NonProfiledCodeHeapSize                  = 122912730                              {pd product} {ergonomic}
    uintx ProfiledCodeHeapSize                     = 122912730                              {pd product} {ergonomic}
    uintx ReservedCodeCacheSize                    = 251658240                              {pd product} {ergonomic}
     bool SegmentedCodeCache                       = true                                      {product} {ergonomic}
     bool ShowCodeDetailsInExceptionMessages       = true                                   {manageable} {command line}
   size_t SoftMaxHeapSize                          = 1052770304                             {manageable} {ergonomic}
     bool UseCompressedClassPointers               = true                           {product lp64_product} {ergonomic}
     bool UseCompressedOops                        = true                           {product lp64_product} {ergonomic}
     bool UseG1GC                                  = true                                      {product} {ergonomic}
     bool UseLargePagesIndividualAllocation        = false                                  {pd product} {ergonomic}

Logging:
Log output configuration:
 #0: stdout all=warning uptime,level,tags
 #1: stderr all=off uptime,level,tags

Environment Variables:
JAVA_HOME=C:\Program Files\Java\jdk-1.8
PATH=C:/Users/HP/.p2/pool/plugins/org.eclipse.justj.openjdk.hotspot.jre.full.win32.x86_64_17.0.2.v20220201-1208/jre/bin/server;C:/Users/HP/.p2/pool/plugins/org.eclipse.justj.openjdk.hotspot.jre.full.win32.x86_64_17.0.2.v20220201-1208/jre/bin;C:\Program Files (x86)\Common Files\Oracle\Java\javapath;E:\oracle\product\10.2.0\db_1\bin;C:\Windows\system32;C:\Windows;C:\Windows\System32\Wbem;C:\Windows\System32\WindowsPowerShell\v1.0\;C:\Users\HP\AppData\Local\Microsoft\WindowsApps;C:\adb;C:\Program Files (x86)\scala\bin\program;C:\Program Files\Java\jdk-10.0.1\bin;C:\Users\HP\AppData\Local\Programs\Python\Python37-32\Scripts;C:\Users\HP\AppData\Local\Programs\Python\Python37-32\programs;C:\Users\HP\AppData\Local\Programs\Python\programs;C:\Users\HP\Desktop\marvllous\C;C:\WINDOWS\system32;C:\WINDOWS;C:\WINDOWS\System32\Wbem;C:\WINDOWS\System32\WindowsPowerShell\v1.0\;C:\WINDOWS\System32\OpenSSH\;C:\Program Files\nodejs;C:\Program Files\Git\cmd;C:\Program Files\Java\jdk-1.8\BIN;C:\Program Files\nodejs\;C:\ProgramData\chocolatey\bin;C:\Users\HP\AppData\Local\Microsoft\WindowsApps;C:\Program Files\Microsoft VS Code\bin;C:\MinGW\bin;C:\Sagar;C:\Users\HP\AppData\Local\Microsoft VS Code\bin;C:\Users\HP\AppData\Local\GitHubDesktop\bin;C:\Users\HP\AppData\Roaming\npm;C:\WINDOWS\system32;
USERNAME=SAGAR
OS=Windows_NT
PROCESSOR_IDENTIFIER=Intel64 Family 6 Model 78 Stepping 3, GenuineIntel



---------------  S Y S T E M  ---------------

OS:
 Windows 10 , 64 bit Build 19041 (10.0.19041.1741)
OS uptime: 0 days 15:22 hours

CPU: total 4 (initial active 4) (2 cores per cpu, 2 threads per core) family 6 model 78 stepping 3 microcode 0xcc, cx8, cmov, fxsr, ht, mmx, 3dnowpref, sse, sse2, sse3, ssse3, sse4.1, sse4.2, popcnt, lzcnt, tsc, tscinvbit, avx, avx2, aes, erms, clmul, bmi1, bmi2, adx, fma, vzeroupper, clflush, clflushopt

Memory: 4k page, system-wide physical 4012M (259M free)
TotalPageFile size 16300M (AvailPageFile size 7M)
current process WorkingSet (physical memory assigned to process): 206M, peak: 231M
current process commit charge ("private bytes"): 264M, peak: 269M

vm_info: OpenJDK 64-Bit Server VM (17.0.2+8) for windows-amd64 JRE (17.0.2+8), built on Jan 20 2022 04:52:34 by "" with MS VC++ 16.7 (VS2019)

END.
